Build started 11/15/2015 3:52:08 PM.
     1>Project "J:\HotDog\BasicEngineLighting\BasicEngine\BasicEngine.vcxproj" on node 2 (Build target(s)).
     1>ClCompile:
         C:\Program Files (x86)\Microsoft Visual Studio 14.0\VC\bin\CL.exe /c /ZI /nologo /W3 /WX- /Od /Oy- /D WIN32 /D _DEBUG /D _CONSOLE /D _UNICODE /D UNICODE /Gm /EHsc /RTC1 /MDd /GS /fp:precise /Zc:wchar_t /Zc:forScope /Zc:inline /Fo"Debug\\" /Fd"Debug\vc140.pdb" /Gd /TP /analyze- /errorReport:prompt Player.cpp
         Player.cpp
     1>j:\hotdog\basicenginelighting\basicengine\player.cpp(40): warning C4018: '<': signed/unsigned mismatch
     1>j:\hotdog\basicenginelighting\basicengine\player.cpp(63): warning C4018: '<': signed/unsigned mismatch
     1>j:\hotdog\basicenginelighting\basicengine\player.cpp(87): warning C4018: '<': signed/unsigned mismatch
       Link:
         C:\Program Files (x86)\Microsoft Visual Studio 14.0\VC\bin\link.exe /ERRORREPORT:PROMPT /OUT:"J:\HotDog\BasicEngineLighting\Debug\BasicEngine.exe" /INCREMENTAL /NOLOGO glew32.lib glfw3.lib opengl32.lib SOIL.lib kernel32.lib user32.lib gdi32.lib winspool.lib comdlg32.lib advapi32.lib shell32.lib ole32.lib oleaut32.lib uuid.lib odbc32.lib odbccp32.lib /MANIFEST /MANIFESTUAC:"level='asInvoker' uiAccess='false'" /manifest:embed /Debug /PDB:"J:\HotDog\BasicEngineLighting\Debug\BasicEngine.pdb" /SUBSYSTEM:CONSOLE /TLBID:1 /DYNAMICBASE /NXCOMPAT /IMPLIB:"J:\HotDog\BasicEngineLighting\Debug\BasicEngine.lib" /MACHINE:X86 Debug\BasicEngine.obj
         Debug\Camera.obj
         Debug\Entity.obj
         Debug\Player.obj
         Debug\ShaderHelper.obj
         Debug\Shape.obj
         Debug\stdafx.obj
         SOIL.lib(SOIL.obj) : MSIL .netmodule or module compiled with /GL found; restarting link with /LTCG; add /LTCG to the link command line to improve linker performance
     1>LINK : warning LNK4075: ignoring '/INCREMENTAL' due to '/LTCG' specification
     1>BasicEngine.obj : warning LNK4075: ignoring '/EDITANDCONTINUE' due to '/OPT:LBR' specification
     1>LINK : warning LNK4098: defaultlib 'MSVCRT' conflicts with use of other libs; use /NODEFAULTLIB:library
         Generating code
         Finished generating code
     1>SOIL.lib(SOIL.obj) : warning LNK4099: PDB 'SOIL.pdb' was not found with 'SOIL.lib(SOIL.obj)' or at 'J:\HotDog\BasicEngineLighting\Debug\SOIL.pdb'; linking object as if no debug info
     1>SOIL.lib(image_helper.obj) : warning LNK4099: PDB 'SOIL.pdb' was not found with 'SOIL.lib(image_helper.obj)' or at 'J:\HotDog\BasicEngineLighting\Debug\SOIL.pdb'; linking object as if no debug info
     1>SOIL.lib(stb_image_aug.obj) : warning LNK4099: PDB 'SOIL.pdb' was not found with 'SOIL.lib(stb_image_aug.obj)' or at 'J:\HotDog\BasicEngineLighting\Debug\SOIL.pdb'; linking object as if no debug info
     1>SOIL.lib(image_DXT.obj) : warning LNK4099: PDB 'SOIL.pdb' was not found with 'SOIL.lib(image_DXT.obj)' or at 'J:\HotDog\BasicEngineLighting\Debug\SOIL.pdb'; linking object as if no debug info
         BasicEngine.vcxproj -> J:\HotDog\BasicEngineLighting\Debug\BasicEngine.exe
     1>Done Building Project "J:\HotDog\BasicEngineLighting\BasicEngine\BasicEngine.vcxproj" (Build target(s)).

Build succeeded.

Time Elapsed 00:00:30.22
